#
# There is insufficient memory for the Java Runtime Environment to continue.
# Native memory allocation (mmap) failed to map 134217728 bytes for G1 virtual space
# Possible reasons:
#   The system is out of physical RAM or swap space
#   The process is running with CompressedOops enabled, and the Java Heap may be blocking the growth of the native heap
# Possible solutions:
#   Reduce memory load on the system
#   Increase physical memory or swap space
#   Check if swap backing store is full
#   Decrease Java heap size (-Xmx/-Xms)
#   Decrease number of Java threads
#   Decrease Java thread stack sizes (-Xss)
#   Set larger code cache with -XX:ReservedCodeCacheSize=
#   JVM is running with Unscaled Compressed Oops mode in which the Java heap is
#     placed in the first 4GB address space. The Java Heap base address is the
#     maximum limit for the native heap growth. Please use -XX:HeapBaseMinAddress
#     to set the Java Heap base and to place the Java Heap above 4GB virtual address.
# This output file may be truncated or incomplete.
#
#  Out of Memory Error (os_windows.cpp:3528), pid=23772, tid=23844
#
# JRE version:  (20.0.2+9) (build )
# Java VM: Java HotSpot(TM) 64-Bit Server VM (20.0.2+9-78, mixed mode, sharing, tiered, compressed oops, compressed class ptrs, g1 gc, windows-amd64)
# No core dump will be written. Minidumps are not enabled by default on client versions of Windows
#

---------------  S U M M A R Y ------------

Command Line: carreTwo.Simulacion

Host: Intel(R) Core(TM) i5-4460S CPU @ 2.90GHz, 4 cores, 7G,  Windows 10 , 64 bit Build 19041 (10.0.19041.4957)
Time: Thu Nov  6 03:04:50 2025 Hora estándar romance elapsed time: 0.436983 seconds (0d 0h 0m 0s)

---------------  T H R E A D  ---------------

Current thread (0x0000020bc6162530):  JavaThread "Unknown thread" [_thread_in_vm, id=23844, stack(0x0000001ba7a00000,0x0000001ba7b00000)]

Stack: [0x0000001ba7a00000,0x0000001ba7b00000]
Native frames: (J=compiled Java code, j=interpreted, Vv=VM code, C=native code)
V  [jvm.dll+0x6bc25a]
V  [jvm.dll+0x84971a]
V  [jvm.dll+0x84b315]
V  [jvm.dll+0x84ba13]
V  [jvm.dll+0x280e4f]
V  [jvm.dll+0x6b8fe9]
V  [jvm.dll+0x6adbca]
V  [jvm.dll+0x35b165]
V  [jvm.dll+0x363386]
V  [jvm.dll+0x3b400e]
V  [jvm.dll+0x3b4295]
V  [jvm.dll+0x32b86a]
V  [jvm.dll+0x32c68b]
V  [jvm.dll+0x8123df]
V  [jvm.dll+0x3c1261]
V  [jvm.dll+0x7fe103]
V  [jvm.dll+0x44ccaf]
V  [jvm.dll+0x44e621]
C  [jli.dll+0x5287]
C  [ucrtbase.dll+0x21bb2]
C  [KERNEL32.DLL+0x17374]
C  [ntdll.dll+0x4cc91]


---------------  P R O C E S S  ---------------

Threads class SMR info:
_java_thread_list=0x00007ffe80b7b118, length=0, elements={
}

Java Threads: ( => current thread )

Other Threads:
  0x0000020bc61c2880 WorkerThread "GC Thread#0" [stack: 0x0000001ba7b00000,0x0000001ba7c00000] [id=23860]
  0x0000020bc61d3460 ConcurrentGCThread "G1 Main Marker" [stack: 0x0000001ba7c00000,0x0000001ba7d00000] [id=23864]
  0x0000020bc61d3e40 WorkerThread "G1 Conc#0" [stack: 0x0000001ba7d00000,0x0000001ba7e00000] [id=23868]

[error occurred during error reporting (printing all threads), id 0xc0000005, EXCEPTION_ACCESS_VIOLATION (0xc0000005) at pc=0x00007ffe8035eea7]
VM state: not at safepoint (not fully initialized)

VM Mutex/Monitor currently owned by a thread:  ([mutex/lock_event])
[0x0000020bc615dd50] Heap_lock - owner thread: 0x0000020bc6162530

Heap address: 0x0000000080a00000, size: 2038 MB, Compressed Oops mode: 32-bit

CDS archive(s) mapped at: [0x0000000000000000-0x0000000000000000-0x0000000000000000), size 0, SharedBaseAddress: 0x0000000800000000, ArchiveRelocationMode: 1.
Narrow klass base: 0x0000000000000000, Narrow klass shift: 0, Narrow klass range: 0x0

GC Precious Log:
 CardTable entry size: 512
 Card Set container configuration: InlinePtr #cards 5 size 8 Array Of Cards #cards 12 size 40 Howl #buckets 4 coarsen threshold 1843 Howl Bitmap #cards 512 size 80 coarsen threshold 460 Card regions per heap region 1 cards per card region 2048

Heap:
 garbage-first heap   total 0K, used 0K [0x0000000080a00000, 0x0000000100000000)
  region size 1024K, 0 young (0K), 0 survivors (0K)

[error occurred during error reporting (printing heap information), id 0xc0000005, EXCEPTION_ACCESS_VIOLATION (0xc0000005) at pc=0x00007ffe807347b9]
GC Heap History (0 events):
No events

Dll operation events (1 events):
Event: 0.086 Loaded shared library F:\JAVAFX\JE 20\jdk-20.0.2\bin\java.dll

Deoptimization events (0 events):
No events

Classes loaded (0 events):
No events

Classes unloaded (0 events):
No events

Classes redefined (0 events):
No events

Internal exceptions (0 events):
No events

VM Operations (0 events):
No events

Events (0 events):
No events


Dynamic libraries:
0x00007ff7e3480000 - 0x00007ff7e3490000 	F:\JAVAFX\JE 20\jdk-20.0.2\bin\java.exe
0x00007ffef5190000 - 0x00007ffef5388000 	C:\WINDOWS\SYSTEM32\ntdll.dll
0x00007ffef5080000 - 0x00007ffef5142000 	C:\WINDOWS\System32\KERNEL32.DLL
0x00007ffef2d00000 - 0x00007ffef2ffe000 	C:\WINDOWS\System32\KERNELBASE.dll
0x00007ffef3000000 - 0x00007ffef3100000 	C:\WINDOWS\System32\ucrtbase.dll
0x00007ffeebfb0000 - 0x00007ffeebfcb000 	F:\JAVAFX\JE 20\jdk-20.0.2\bin\VCRUNTIME140.dll
0x00007ffeebf90000 - 0x00007ffeebfa9000 	F:\JAVAFX\JE 20\jdk-20.0.2\bin\jli.dll
0x00007ffef49c0000 - 0x00007ffef4a72000 	C:\WINDOWS\System32\ADVAPI32.dll
0x00007ffef4680000 - 0x00007ffef471e000 	C:\WINDOWS\System32\msvcrt.dll
0x00007ffef4920000 - 0x00007ffef49c0000 	C:\WINDOWS\System32\sechost.dll
0x00007ffef4a80000 - 0x00007ffef4ba3000 	C:\WINDOWS\System32\RPCRT4.dll
0x00007ffef2a20000 - 0x00007ffef2a47000 	C:\WINDOWS\System32\bcrypt.dll
0x00007ffef3c30000 - 0x00007ffef3dcd000 	C:\WINDOWS\System32\USER32.dll
0x00007ffef2b70000 - 0x00007ffef2b92000 	C:\WINDOWS\System32\win32u.dll
0x00007ffee7900000 - 0x00007ffee7b9a000 	C:\WINDOWS\WinSxS\amd64_microsoft.windows.common-controls_6595b64144ccf1df_6.0.19041.4355_none_60b8b9eb71f62e16\COMCTL32.dll
0x00007ffef3dd0000 - 0x00007ffef3dfb000 	C:\WINDOWS\System32\GDI32.dll
0x00007ffef2a50000 - 0x00007ffef2b67000 	C:\WINDOWS\System32\gdi32full.dll
0x00007ffef28a0000 - 0x00007ffef293d000 	C:\WINDOWS\System32\msvcp_win.dll
0x00007ffeebc10000 - 0x00007ffeebc1a000 	C:\WINDOWS\SYSTEM32\VERSION.dll
0x00007ffef5050000 - 0x00007ffef507f000 	C:\WINDOWS\System32\IMM32.DLL
0x00007ffeefd10000 - 0x00007ffeefd1c000 	F:\JAVAFX\JE 20\jdk-20.0.2\bin\vcruntime140_1.dll
0x00007ffeb96c0000 - 0x00007ffeb974e000 	F:\JAVAFX\JE 20\jdk-20.0.2\bin\msvcp140.dll
0x00007ffe80020000 - 0x00007ffe80cb8000 	F:\JAVAFX\JE 20\jdk-20.0.2\bin\server\jvm.dll
0x00007ffeb95f0000 - 0x00007ffeb95f9000 	C:\WINDOWS\SYSTEM32\WSOCK32.dll
0x00007ffee9b20000 - 0x00007ffee9b47000 	C:\WINDOWS\SYSTEM32\WINMM.dll
0x00007ffef4730000 - 0x00007ffef479b000 	C:\WINDOWS\System32\WS2_32.dll
0x00007ffef05f0000 - 0x00007ffef0602000 	C:\WINDOWS\SYSTEM32\kernel.appcore.dll
0x00007ffeefc60000 - 0x00007ffeefc6a000 	F:\JAVAFX\JE 20\jdk-20.0.2\bin\jimage.dll
0x00007ffee3160000 - 0x00007ffee3344000 	C:\WINDOWS\SYSTEM32\DBGHELP.DLL
0x00007ffedad80000 - 0x00007ffedadb4000 	C:\WINDOWS\SYSTEM32\dbgcore.DLL
0x00007ffef2940000 - 0x00007ffef29c2000 	C:\WINDOWS\System32\bcryptPrimitives.dll
0x00007ffeebed0000 - 0x00007ffeebef6000 	F:\JAVAFX\JE 20\jdk-20.0.2\bin\java.dll

dbghelp: loaded successfully - version: 4.0.5 - missing functions: none
symbol engine: initialized successfully - sym options: 0x614 - pdb path: .;F:\JAVAFX\JE 20\jdk-20.0.2\bin;C:\WINDOWS\SYSTEM32;C:\WINDOWS\WinSxS\amd64_microsoft.windows.common-controls_6595b64144ccf1df_6.0.19041.4355_none_60b8b9eb71f62e16;F:\JAVAFX\JE 20\jdk-20.0.2\bin\server

VM Arguments:
java_command: carreTwo.Simulacion
java_class_path (initial): .
Launcher Type: SUN_STANDARD

[Global flags]
     intx CICompilerCount                          = 3                                         {product} {ergonomic}
     uint ConcGCThreads                            = 1                                         {product} {ergonomic}
     uint G1ConcRefinementThreads                  = 4                                         {product} {ergonomic}
   size_t G1HeapRegionSize                         = 1048576                                   {product} {ergonomic}
    uintx GCDrainStackTargetSize                   = 64                                        {product} {ergonomic}
   size_t InitialHeapSize                          = 134217728                                 {product} {ergonomic}
   size_t MarkStackSize                            = 4194304                                   {product} {ergonomic}
   size_t MaxHeapSize                              = 2136997888                                {product} {ergonomic}
   size_t MinHeapDeltaBytes                        = 1048576                                   {product} {ergonomic}
   size_t MinHeapSize                              = 8388608                                   {product} {ergonomic}
    uintx NonNMethodCodeHeapSize                   = 5832780                                {pd product} {ergonomic}
    uintx NonProfiledCodeHeapSize                  = 122912730                              {pd product} {ergonomic}
    uintx ProfiledCodeHeapSize                     = 122912730                              {pd product} {ergonomic}
    uintx ReservedCodeCacheSize                    = 251658240                              {pd product} {ergonomic}
     bool SegmentedCodeCache                       = true                                      {product} {ergonomic}
   size_t SoftMaxHeapSize                          = 2136997888                             {manageable} {ergonomic}
     bool UseCompressedClassPointers               = true                           {product lp64_product} {ergonomic}
     bool UseCompressedOops                        = true                           {product lp64_product} {ergonomic}
     bool UseG1GC                                  = true                                      {product} {ergonomic}
     bool UseLargePagesIndividualAllocation        = false                                  {pd product} {ergonomic}

Logging:
Log output configuration:
 #0: stdout all=warning uptime,level,tags foldmultilines=false
 #1: stderr all=off uptime,level,tags foldmultilines=false

Environment Variables:
PATH=C:/Users/migue/.p2/pool/plugins/org.eclipse.justj.openjdk.hotspot.jre.full.win32.x86_64_23.0.0.v20240919-1706/jre/bin/server;C:/Users/migue/.p2/pool/plugins/org.eclipse.justj.openjdk.hotspot.jre.full.win32.x86_64_23.0.0.v20240919-1706/jre/bin;C:\Program Files (x86)\Common Files\Oracle\Java\javapath;C:\WINDOWS\system32;C:\WINDOWS;C:\WINDOWS\System32\Wbem;C:\WINDOWS\System32\WindowsPowerShell\v1.0\;C:\WINDOWS\System32\OpenSSH\;C:\Program Files\dotnet\;C:\Program Files (x86)\NVIDIA Corporation\PhysX\Common;C:\Program Files\NVIDIA Corporation\NVIDIA NvDLISR;F:\Git\cmd;C:\Users\migue\AppData\Local\Programs\Python\Launcher\;F:\Python\Scripts\;F:\Python\;C:\Users\migue\AppData\Local\Microsoft\WindowsApps;F:\Microsoft VS Code\bin;F:\IntelliJ IDEA 2024.2.3\bin;;F:\Grapviz\Graphviz-12.2.1-win64\bin;C:\Users\migue\.dotnet\tools;C:\Users\migue\OneDrive\Escritorio;
USERNAME=migue
OS=Windows_NT
PROCESSOR_IDENTIFIER=Intel64 Family 6 Model 60 Stepping 3, GenuineIntel
TMP=F:\Temp\Temp
TEMP=F:\Temp\Temp




---------------  S Y S T E M  ---------------

OS:
 Windows 10 , 64 bit Build 19041 (10.0.19041.4957)
OS uptime: 0 days 5:16 hours

CPU: total 4 (initial active 4) (4 cores per cpu, 1 threads per core) family 6 model 60 stepping 3 microcode 0x27, cx8, cmov, fxsr, mmx, sse, sse2, sse3, ssse3, sse4.1, sse4.2, popcnt, lzcnt, tsc, tscinvbit, avx, avx2, aes, erms, clmul, bmi1, bmi2, fma, vzeroupper, clflush, rdtscp, f16c

Memory: 4k page, system-wide physical 8151M (227M free)
TotalPageFile size 32726M (AvailPageFile size 54M)
current process WorkingSet (physical memory assigned to process): 10M, peak: 10M
current process commit charge ("private bytes"): 52M, peak: 179M

vm_info: Java HotSpot(TM) 64-Bit Server VM (20.0.2+9-78) for windows-amd64 JRE (20.0.2+9-78), built on 2023-06-14T10:08:48Z by "mach5one" with MS VC++ 17.1 (VS2022)

END.
